2024-08-30 07:17:44 INFO  o.h.validator.internal.util.Version - HV000001: Hibernate Validator 8.0.1.Final
2024-08-30 07:17:44 INFO  com.rntgroup.ApplicationRunner - Starting ApplicationRunner using Java 21 with PID 11460 (C:\Users\Vadim\Desktop\ReksoftTraining\ReksoftTraining\Company\target\classes started by Vadim in C:\Users\Vadim\Desktop\ReksoftTraining\ReksoftTraining\Company)
2024-08-30 07:17:44 INFO  com.rntgroup.ApplicationRunner - No active profile set, falling back to 1 default profile: "default"
2024-08-30 07:17:45 INFO  o.s.d.r.c.RepositoryConfigurationDelegate - Bootstrapping Spring Data JPA repositories in DEFAULT mode.
2024-08-30 07:17:45 INFO  o.s.d.r.c.RepositoryConfigurationDelegate - Finished Spring Data repository scanning in 42 ms. Found 3 JPA repository interfaces.
2024-08-30 07:17:46 INFO  o.s.b.w.e.tomcat.TomcatWebServer - Tomcat initialized with port 8080 (http)
2024-08-30 07:17:46 INFO  o.a.coyote.http11.Http11NioProtocol - Initializing ProtocolHandler ["http-nio-8080"]
2024-08-30 07:17:46 INFO  o.a.catalina.core.StandardService - Starting service [Tomcat]
2024-08-30 07:17:46 INFO  o.a.catalina.core.StandardEngine - Starting Servlet engine: [Apache Tomcat/10.1.20]
2024-08-30 07:17:46 INFO  o.a.c.c.C.[Tomcat].[localhost].[/] - Initializing Spring embedded WebApplicationContext
2024-08-30 07:17:46 INFO  o.s.b.w.s.c.ServletWebServerApplicationContext - Root WebApplicationContext: initialization completed in 1306 ms
2024-08-30 07:17:46 INFO  com.zaxxer.hikari.HikariDataSource - HikariPool-1 - Starting...
2024-08-30 07:17:46 INFO  com.zaxxer.hikari.pool.HikariPool - HikariPool-1 - Added connection org.postgresql.jdbc.PgConnection@1a2773a8
2024-08-30 07:17:46 INFO  com.zaxxer.hikari.HikariDataSource - HikariPool-1 - Start completed.
2024-08-30 07:17:46 INFO  liquibase.database - Set default schema name to public
2024-08-30 07:17:46 INFO  liquibase.changelog - Reading from public.databasechangelog
2024-08-30 07:17:46 INFO  liquibase.ui - Database is up to date, no changesets to execute
2024-08-30 07:17:46 INFO  liquibase.changelog - Reading from public.databasechangelog
2024-08-30 07:17:46 INFO  liquibase.util - UPDATE SUMMARY
2024-08-30 07:17:46 INFO  liquibase.util - Run:                          0
2024-08-30 07:17:46 INFO  liquibase.util - Previously run:               3
2024-08-30 07:17:46 INFO  liquibase.util - Filtered out:                 0
2024-08-30 07:17:46 INFO  liquibase.util - -------------------------------
2024-08-30 07:17:46 INFO  liquibase.util - Total change sets:            3
2024-08-30 07:17:46 INFO  liquibase.util - Update summary generated
2024-08-30 07:17:46 INFO  liquibase.lockservice - Successfully released change log lock
2024-08-30 07:17:46 INFO  liquibase.command - Command execution complete
2024-08-30 07:17:46 INFO  o.h.jpa.internal.util.LogHelper - HHH000204: Processing PersistenceUnitInfo [name: default]
2024-08-30 07:17:47 INFO  org.hibernate.Version - HHH000412: Hibernate ORM core version 6.4.4.Final
2024-08-30 07:17:47 INFO  o.h.c.i.RegionFactoryInitiator - HHH000026: Second-level cache disabled
2024-08-30 07:17:47 INFO  o.s.o.j.p.SpringPersistenceUnitInfo - No LoadTimeWeaver setup: ignoring JPA class transformer
2024-08-30 07:17:47 INFO  o.h.e.t.j.p.i.JtaPlatformInitiator - HHH000489: No JTA platform available (set 'hibernate.transaction.jta.platform' to enable JTA platform integration)
2024-08-30 07:17:48 INFO  o.s.o.j.LocalContainerEntityManagerFactoryBean - Initialized JPA EntityManagerFactory for persistence unit 'default'
2024-08-30 07:17:48 INFO  o.s.d.j.r.query.QueryEnhancerFactory - Hibernate is in classpath; If applicable, HQL parser will be used.
2024-08-30 07:17:48 WARN  o.s.b.a.o.j.JpaBaseConfiguration$JpaWebConfiguration - spring.jpa.open-in-view is enabled by default. Therefore, database queries may be performed during view rendering. Explicitly configure spring.jpa.open-in-view to disable this warning
2024-08-30 07:17:49 WARN  o.s.b.a.f.FreeMarkerAutoConfiguration - Cannot find template location(s): [classpath:/templates/] (please add some templates, check your FreeMarker configuration, or set spring.freemarker.check-template-location=false)
2024-08-30 07:17:49 INFO  o.a.coyote.http11.Http11NioProtocol - Starting ProtocolHandler ["http-nio-8080"]
2024-08-30 07:17:49 INFO  o.s.b.w.e.tomcat.TomcatWebServer - Tomcat started on port 8080 (http) with context path ''
2024-08-30 07:17:49 INFO  com.rntgroup.ApplicationRunner - Started ApplicationRunner in 4.644 seconds (process running for 5.15)
2024-08-30 07:18:12 INFO  o.a.c.c.C.[Tomcat].[localhost].[/] - Initializing Spring DispatcherServlet 'dispatcherServlet'
2024-08-30 07:18:12 INFO  o.s.web.servlet.DispatcherServlet - Initializing Servlet 'dispatcherServlet'
2024-08-30 07:18:12 INFO  o.s.web.servlet.DispatcherServlet - Completed initialization in 3 ms
2024-08-30 07:18:13 INFO  c.r.web.controller.ControllerAdvice - Couldn't find position with id 1.
2024-08-30 07:18:23 INFO  o.s.o.j.LocalContainerEntityManagerFactoryBean - Closing JPA EntityManagerFactory for persistence unit 'default'
2024-08-30 07:18:23 INFO  com.zaxxer.hikari.HikariDataSource - HikariPool-1 - Shutdown initiated...
2024-08-30 07:18:23 INFO  com.zaxxer.hikari.HikariDataSource - HikariPool-1 - Shutdown completed.
